mode: set
github.com/samhld/lp_tree/models.go:17.34,19.2 1 0
github.com/samhld/lp_tree/models.go:21.37,23.2 1 0
github.com/samhld/lp_tree/server.go:22.54,25.2 2 1
github.com/samhld/lp_tree/server.go:27.46,33.29 6 1
github.com/samhld/lp_tree/server.go:38.2,41.13 3 1
github.com/samhld/lp_tree/server.go:33.29,37.3 3 1
github.com/samhld/lp_tree/server.go:44.58,59.2 12 1
github.com/samhld/lp_tree/tokenize.go:37.40,41.2 1 1
github.com/samhld/lp_tree/tokenize.go:43.82,45.43 2 1
github.com/samhld/lp_tree/tokenize.go:57.2,57.13 1 1
github.com/samhld/lp_tree/tokenize.go:45.43,46.20 1 1
github.com/samhld/lp_tree/tokenize.go:47.22,48.50 1 1
github.com/samhld/lp_tree/tokenize.go:49.16,50.32 1 1
github.com/samhld/lp_tree/tokenize.go:51.11,53.48 2 1
github.com/samhld/lp_tree/tokenize.go:60.62,63.32 3 1
github.com/samhld/lp_tree/tokenize.go:72.2,72.18 1 1
github.com/samhld/lp_tree/tokenize.go:63.32,64.21 1 1
github.com/samhld/lp_tree/tokenize.go:64.21,67.4 2 1
github.com/samhld/lp_tree/tokenize.go:67.9,70.4 2 1
github.com/samhld/lp_tree/tokenize.go:75.62,78.39 3 1
github.com/samhld/lp_tree/tokenize.go:82.2,82.17 1 1
github.com/samhld/lp_tree/tokenize.go:78.39,81.3 2 1
github.com/samhld/lp_tree/tokenize.go:85.50,90.2 4 1
github.com/samhld/lp_tree/tokenize.go:92.30,93.2 0 0
github.com/samhld/lp_tree/tokenize.go:95.37,98.2 2 0
github.com/samhld/lp_tree/value.go:10.59,12.2 1 0
github.com/samhld/lp_tree/value.go:14.28,16.2 1 0
github.com/samhld/lp_tree/value.go:18.31,20.2 1 0
github.com/samhld/lp_tree/data_parse.go:28.91,42.2 12 1
github.com/samhld/lp_tree/data_parse.go:44.42,46.30 2 0
github.com/samhld/lp_tree/data_parse.go:46.30,49.3 2 0
github.com/samhld/lp_tree/data_parse.go:52.66,54.16 2 1
github.com/samhld/lp_tree/data_parse.go:58.2,58.20 1 1
github.com/samhld/lp_tree/data_parse.go:67.2,67.25 1 1
github.com/samhld/lp_tree/data_parse.go:54.16,56.3 1 0
github.com/samhld/lp_tree/data_parse.go:58.20,61.47 3 1
github.com/samhld/lp_tree/data_parse.go:64.3,65.30 2 1
github.com/samhld/lp_tree/data_parse.go:61.47,62.12 1 1
github.com/samhld/lp_tree/data_parse.go:70.80,73.30 2 1
github.com/samhld/lp_tree/data_parse.go:76.2,76.10 1 1
github.com/samhld/lp_tree/data_parse.go:73.30,75.3 1 1
github.com/samhld/lp_tree/data_parse.go:79.63,82.16 3 1
github.com/samhld/lp_tree/data_parse.go:86.2,87.20 2 1
github.com/samhld/lp_tree/data_parse.go:92.2,92.13 1 1
github.com/samhld/lp_tree/data_parse.go:82.16,84.3 1 0
github.com/samhld/lp_tree/data_parse.go:87.20,91.3 3 1
github.com/samhld/lp_tree/data_parse.go:95.48,97.16 2 0
github.com/samhld/lp_tree/data_parse.go:101.2,102.20 2 0
github.com/samhld/lp_tree/data_parse.go:112.2,112.13 1 0
github.com/samhld/lp_tree/data_parse.go:97.16,99.3 1 0
github.com/samhld/lp_tree/data_parse.go:102.20,104.47 2 0
github.com/samhld/lp_tree/data_parse.go:109.3,109.33 1 0
github.com/samhld/lp_tree/data_parse.go:104.47,105.12 1 0
github.com/samhld/lp_tree/data_parse.go:106.9,108.4 1 0
github.com/samhld/lp_tree/data_parse.go:115.33,116.16 1 1
github.com/samhld/lp_tree/data_parse.go:116.16,118.3 1 0
github.com/samhld/lp_tree/data_parse.go:121.39,123.16 2 1
github.com/samhld/lp_tree/data_parse.go:126.2,126.25 1 1
github.com/samhld/lp_tree/data_parse.go:123.16,125.3 1 0
github.com/samhld/lp_tree/field.go:8.57,10.2 1 0
github.com/samhld/lp_tree/field.go:12.28,14.2 1 0
github.com/samhld/lp_tree/field.go:16.31,18.2 1 0
github.com/samhld/lp_tree/main.go:10.13,14.2 3 0
github.com/samhld/lp_tree/main.go:16.48,31.2 12 0
github.com/samhld/lp_tree/key.go:11.55,13.2 1 0
github.com/samhld/lp_tree/key.go:15.26,17.2 1 0
github.com/samhld/lp_tree/key.go:19.29,21.2 1 0
github.com/samhld/lp_tree/order_cardinality.go:7.59,13.2 4 1
github.com/samhld/lp_tree/order_cardinality.go:15.74,17.28 2 1
github.com/samhld/lp_tree/order_cardinality.go:21.2,21.14 1 1
github.com/samhld/lp_tree/order_cardinality.go:17.28,20.3 2 1
github.com/samhld/lp_tree/order_cardinality.go:24.61,26.29 2 1
github.com/samhld/lp_tree/order_cardinality.go:29.2,29.19 1 1
github.com/samhld/lp_tree/order_cardinality.go:26.29,28.3 1 1
github.com/samhld/lp_tree/order_cardinality.go:41.46,41.63 1 1
github.com/samhld/lp_tree/order_cardinality.go:42.46,42.92 1 1
github.com/samhld/lp_tree/order_cardinality.go:43.46,43.73 1 1
